<?xml version="1.0" encoding="UTF-8"?>
<!-- Generated by org.testng.reporters.JUnitXMLReporter -->
<testsuite ignored="0" hostname="bhagyak" failures="1" tests="1" name="Assertion Test" time="0.014" errors="0" timestamp="2024-10-21T14:20:49 IST">
  <testcase classname="testngTestcases.Testcase2" name="verifyTitle" time="0.009">
    <failure type="java.lang.AssertionError" message="The following asserts failed:
	Assert Equals&amp;gt;&amp;gt; Titles are not matching expected [google.com] but found [gmail.com],
	Assert True&amp;gt;&amp;gt; Failure occured expected [true] but found [false]">
      <![CDATA[java.lang.AssertionError: The following asserts failed:
Assert Equals>> Titles are not matching expected [google.com] but found [gmail.com],
Assert True>> Failure occured expected [true] but found [false]
at testngTestcases.Testcase2.verifyTitle(Testcase2.java:35)
at java.base/java.util.ArrayList.forEach(ArrayList.java:1596)
... Removed 27 stack frames]]>
    </failure>
  </testcase> <!-- verifyTitle -->
</testsuite> <!-- Assertion Test -->
