<?xml version="1.0" encoding="UTF-8"?>
<!-- Generated by org.testng.reporters.JUnitXMLReporter -->
<testsuite ignored="0" hostname="bhagyak" failures="1" tests="3" name="Depends On Method Test" time="0.015" errors="0" timestamp="2024-10-21T14:20:49 IST">
  <testcase classname="testngTestcases.Testcase3" name="doSkip" time="0.002">
    <skipped/>
  </testcase> <!-- doSkip -->
  <testcase classname="testngTestcases.Testcase3" name="doUserReg" time="0.002">
    <failure type="java.lang.AssertionError" message="User Registration Test is failed intentionally">
      <![CDATA[java.lang.AssertionError: User Registration Test is failed intentionally
at testngTestcases.Testcase3.doUserReg(Testcase3.java:12)
at java.base/java.util.ArrayList.forEach(ArrayList.java:1596)
... Removed 26 stack frames]]>
    </failure>
  </testcase> <!-- doUserReg -->
  <testcase classname="testngTestcases.Testcase3" name="doLogin" time="0.0">
    <skipped/>
  </testcase> <!-- doLogin -->
</testsuite> <!-- Depends On Method Test -->
