<?xml version="1.0" encoding="UTF-8"?>
<!-- Generated by org.testng.reporters.JUnitXMLReporter -->
<testsuite ignored="0" hostname="bhagyak" failures="1" tests="3" name="Extent report Test" time="0.097" errors="0" timestamp="2024-10-29T12:18:49 IST">
  <testcase classname="day22.ExtentReportsDemo2" name="doLogin" time="0.017"/>
  <testcase classname="day22.ExtentReportsDemo2" name="doSkip" time="0.003">
    <skipped/>
  </testcase> <!-- doSkip -->
  <testcase classname="day22.ExtentReportsDemo2" name="doUserReg" time="0.005">
    <failure type="java.lang.AssertionError" message="User Reg is failed">
      <![CDATA[java.lang.AssertionError: User Reg is failed
at day22.ExtentReportsDemo2.doUserReg(ExtentReportsDemo2.java:36)
at java.base/java.util.ArrayList.forEach(ArrayList.java:1596)
... Removed 26 stack frames]]>
    </failure>
  </testcase> <!-- doUserReg -->
</testsuite> <!-- Extent report Test -->
