<?xml version="1.0" encoding="UTF-8"?>
<!-- Generated by org.testng.reporters.JUnitXMLReporter -->
<testsuite ignored="2" hostname="bhagyak" failures="0" tests="1" name="Grouping Test" time="0.004" errors="0" timestamp="2024-10-22T17:13:21 IST">
  <testcase classname="testngTestcases.GroupingDemo" name="SecondTest" time="0.001"/>
  <testcase classname="testngTestcases.GroupingDemo" name="ThirdTest" time="0.0">
    <ignored/>
  </testcase> <!-- ThirdTest -->
  <testcase classname="testngTestcases.GroupingDemo" name="FirstTest" time="0.0">
    <ignored/>
  </testcase> <!-- FirstTest -->
</testsuite> <!-- Grouping Test -->
