<?xml version="1.0" encoding="UTF-8"?>
<!-- Generated by org.testng.reporters.JUnitXMLReporter -->
<testsuite ignored="0" hostname="bhagyak" failures="0" tests="3" name="Default test" time="0.088" errors="0" timestamp="2024-10-24T11:44:41 IST">
  <testcase classname="testngTestcases.DataProviderDemo" name="doLogin" time="0.013"/>
  <testcase classname="testngTestcases.DataProviderDemo" name="doLogin" time="0.004"/>
  <testcase classname="testngTestcases.DataProviderDemo" name="doLogin" time="0.002"/>
</testsuite> <!-- Default test -->
