<?xml version="1.0" encoding="UTF-8"?>
<testng-results ignored="0" total="3" passed="3" failed="0" skipped="0">
  <reporter-output>
  </reporter-output>
  <suite started-at="2024-10-27T08:17:48 IST" name="Learning TestNG_ Parameters" finished-at="2024-10-27T08:17:58 IST" duration-ms="10562">
    <groups>
    </groups>
    <test started-at="2024-10-27T08:17:48 IST" name="Chrome Test" finished-at="2024-10-27T08:17:58 IST" duration-ms="10562">
      <class name="testngTestcases.DataProviderDemo">
        <test-method is-config="true" signature="lauchBrowser(java.lang.String,java.lang.String)[pri:0, instance:testngTestcases.DataProviderDemo@77888435]" started-at="2024-10-27T08:17:48 IST" name="lauchBrowser" finished-at="2024-10-27T08:17:51 IST" duration-ms="2827" status="PASS">
          <params>
            <param index="0">
              <value>
                <![CDATA[chrome]]>
              </value>
            </param>
            <param index="1">
              <value>
                <![CDATA[http://facebook.com]]>
              </value>
            </param>
          </params>
          <reporter-output>
          </reporter-output>
        </test-method> <!-- lauchBrowser -->
        <test-method signature="doLogin(java.lang.String,java.lang.String)[pri:0, instance:testngTestcases.DataProviderDemo@77888435]" started-at="2024-10-27T08:17:51 IST" name="doLogin" data-provider="Data" finished-at="2024-10-27T08:17:52 IST" duration-ms="1026" status="PASS">
          <params>
            <param index="0">
              <value>
                <![CDATA[username1]]>
              </value>
            </param>
            <param index="1">
              <value>
                <![CDATA[password1]]>
              </value>
            </param>
          </params>
          <reporter-output>
          </reporter-output>
        </test-method> <!-- doLogin -->
        <test-method is-config="true" signature="tearDown()[pri:0, instance:testngTestcases.DataProviderDemo@77888435]" started-at="2024-10-27T08:17:52 IST" name="tearDown" finished-at="2024-10-27T08:17:52 IST" duration-ms="132" status="PASS">
          <reporter-output>
          </reporter-output>
        </test-method> <!-- tearDown -->
        <test-method is-config="true" signature="lauchBrowser(java.lang.String,java.lang.String)[pri:0, instance:testngTestcases.DataProviderDemo@77888435]" started-at="2024-10-27T08:17:52 IST" name="lauchBrowser" finished-at="2024-10-27T08:17:54 IST" duration-ms="2296" status="PASS">
          <params>
            <param index="0">
              <value>
                <![CDATA[chrome]]>
              </value>
            </param>
            <param index="1">
              <value>
                <![CDATA[http://facebook.com]]>
              </value>
            </param>
          </params>
          <reporter-output>
          </reporter-output>
        </test-method> <!-- lauchBrowser -->
        <test-method signature="doLogin(java.lang.String,java.lang.String)[pri:0, instance:testngTestcases.DataProviderDemo@77888435]" started-at="2024-10-27T08:17:54 IST" name="doLogin" data-provider="Data" finished-at="2024-10-27T08:17:55 IST" duration-ms="832" status="PASS">
          <params>
            <param index="0">
              <value>
                <![CDATA[username2]]>
              </value>
            </param>
            <param index="1">
              <value>
                <![CDATA[password2]]>
              </value>
            </param>
          </params>
          <reporter-output>
          </reporter-output>
        </test-method> <!-- doLogin -->
        <test-method is-config="true" signature="tearDown()[pri:0, instance:testngTestcases.DataProviderDemo@77888435]" started-at="2024-10-27T08:17:55 IST" name="tearDown" finished-at="2024-10-27T08:17:55 IST" duration-ms="110" status="PASS">
          <reporter-output>
          </reporter-output>
        </test-method> <!-- tearDown -->
        <test-method is-config="true" signature="lauchBrowser(java.lang.String,java.lang.String)[pri:0, instance:testngTestcases.DataProviderDemo@77888435]" started-at="2024-10-27T08:17:55 IST" name="lauchBrowser" finished-at="2024-10-27T08:17:57 IST" duration-ms="2296" status="PASS">
          <params>
            <param index="0">
              <value>
                <![CDATA[chrome]]>
              </value>
            </param>
            <param index="1">
              <value>
                <![CDATA[http://facebook.com]]>
              </value>
            </param>
          </params>
          <reporter-output>
          </reporter-output>
        </test-method> <!-- lauchBrowser -->
        <test-method signature="doLogin(java.lang.String,java.lang.String)[pri:0, instance:testngTestcases.DataProviderDemo@77888435]" started-at="2024-10-27T08:17:57 IST" name="doLogin" data-provider="Data" finished-at="2024-10-27T08:17:58 IST" duration-ms="847" status="PASS">
          <params>
            <param index="0">
              <value>
                <![CDATA[username3]]>
              </value>
            </param>
            <param index="1">
              <value>
                <![CDATA[password3]]>
              </value>
            </param>
          </params>
          <reporter-output>
          </reporter-output>
        </test-method> <!-- doLogin -->
        <test-method is-config="true" signature="tearDown()[pri:0, instance:testngTestcases.DataProviderDemo@77888435]" started-at="2024-10-27T08:17:58 IST" name="tearDown" finished-at="2024-10-27T08:17:58 IST" duration-ms="138" status="PASS">
          <reporter-output>
          </reporter-output>
        </test-method> <!-- tearDown -->
      </class> <!-- testngTestcases.DataProviderDemo -->
    </test> <!-- Chrome Test -->
  </suite> <!-- Learning TestNG_ Parameters -->
</testng-results>
