<?xml version="1.0" encoding="UTF-8"?>
<testng-results ignored="0" total="3" passed="3" failed="0" skipped="0">
  <reporter-output>
    <line>
      <![CDATA[Test case started: launchBrowser]]>
    </line>
    <line>
      <![CDATA[Test case started: launchBrowser]]>
    </line>
    <line>
      <![CDATA[Test case started: launchBrowser]]>
    </line>
    <line>
      <![CDATA[Test case passed: launchBrowser]]>
    </line>
    <line>
      <![CDATA[Test case passed: launchBrowser]]>
    </line>
    <line>
      <![CDATA[Test case passed: launchBrowser]]>
    </line>
  </reporter-output>
  <suite started-at="2024-11-20T14:06:24 IST" name="Learning TestNG_ Parameters" finished-at="2024-11-20T14:06:44 IST" duration-ms="20344">
    <groups>
    </groups>
    <test started-at="2024-11-20T14:06:24 IST" name="Chrome Test" finished-at="2024-11-20T14:06:34 IST" duration-ms="10489">
      <class name="seleniumgrid.SeleniumGridDemo">
        <test-method signature="launchBrowser(java.lang.String,java.lang.String)[pri:0, instance:seleniumgrid.SeleniumGridDemo@175b9425]" started-at="2024-11-20T14:06:24 IST" name="launchBrowser" finished-at="2024-11-20T14:06:34 IST" duration-ms="10377" status="PASS">
          <params>
            <param index="0">
              <value>
                <![CDATA[chrome]]>
              </value>
            </param>
            <param index="1">
              <value>
                <![CDATA[http://google.com]]>
              </value>
            </param>
          </params>
          <reporter-output>
            <line>
              <![CDATA[Test case started: launchBrowser]]>
            </line>
            <line>
              <![CDATA[Test case passed: launchBrowser]]>
            </line>
          </reporter-output>
        </test-method> <!-- launchBrowser -->
      </class> <!-- seleniumgrid.SeleniumGridDemo -->
    </test> <!-- Chrome Test -->
    <test started-at="2024-11-20T14:06:24 IST" name="Edge Test" finished-at="2024-11-20T14:06:35 IST" duration-ms="11200">
      <class name="seleniumgrid.SeleniumGridDemo">
        <test-method signature="launchBrowser(java.lang.String,java.lang.String)[pri:0, instance:seleniumgrid.SeleniumGridDemo@1f97cf0d]" started-at="2024-11-20T14:06:24 IST" name="launchBrowser" finished-at="2024-11-20T14:06:35 IST" duration-ms="11106" status="PASS">
          <params>
            <param index="0">
              <value>
                <![CDATA[Edge]]>
              </value>
            </param>
            <param index="1">
              <value>
                <![CDATA[http://google.com]]>
              </value>
            </param>
          </params>
          <reporter-output>
            <line>
              <![CDATA[Test case started: launchBrowser]]>
            </line>
            <line>
              <![CDATA[Test case passed: launchBrowser]]>
            </line>
          </reporter-output>
        </test-method> <!-- launchBrowser -->
      </class> <!-- seleniumgrid.SeleniumGridDemo -->
    </test> <!-- Edge Test -->
    <test started-at="2024-11-20T14:06:24 IST" name="Firefox Test" finished-at="2024-11-20T14:06:44 IST" duration-ms="20344">
      <class name="seleniumgrid.SeleniumGridDemo">
        <test-method signature="launchBrowser(java.lang.String,java.lang.String)[pri:0, instance:seleniumgrid.SeleniumGridDemo@51f116b8]" started-at="2024-11-20T14:06:24 IST" name="launchBrowser" finished-at="2024-11-20T14:06:44 IST" duration-ms="20251" status="PASS">
          <params>
            <param index="0">
              <value>
                <![CDATA[firefox]]>
              </value>
            </param>
            <param index="1">
              <value>
                <![CDATA[http://google.com]]>
              </value>
            </param>
          </params>
          <reporter-output>
            <line>
              <![CDATA[Test case started: launchBrowser]]>
            </line>
            <line>
              <![CDATA[Test case passed: launchBrowser]]>
            </line>
          </reporter-output>
        </test-method> <!-- launchBrowser -->
      </class> <!-- seleniumgrid.SeleniumGridDemo -->
    </test> <!-- Firefox Test -->
  </suite> <!-- Learning TestNG_ Parameters -->
</testng-results>
