<?xml version="1.0" encoding="UTF-8"?>
<!-- Generated by org.testng.reporters.JUnitXMLReporter -->
<testsuite ignored="0" hostname="bhagyak" failures="0" tests="3" name="Chrome Test" time="10.562" errors="0" timestamp="2024-10-27T08:17:58 IST">
  <testcase classname="testngTestcases.DataProviderDemo" name="doLogin" time="1.026"/>
  <testcase classname="testngTestcases.DataProviderDemo" name="doLogin" time="0.832"/>
  <testcase classname="testngTestcases.DataProviderDemo" name="doLogin" time="0.847"/>
</testsuite> <!-- Chrome Test -->
